[01:03:08] [Server thread/WARN]: Failed to check session lock, aborting
[01:03:53] [Server thread/WARN]: Failed to check session lock, aborting
[01:04:38] [Server thread/WARN]: Failed to check session lock, aborting
[01:05:23] [Server thread/WARN]: Failed to check session lock, aborting
[01:06:08] [Server thread/WARN]: Failed to check session lock, aborting
[01:06:53] [Server thread/WARN]: Failed to check session lock, aborting
[01:06:53] [Server thread/ERROR]: Encountered an unexpected exception
java.lang.NullPointerException
	at net.minecraft.world.storage.SaveHandler.func_75754_f(SaveHandler.java:303) ~[ayq.class:?]
	at net.minecraft.server.management.ServerConfigurationManager.func_72373_m(ServerConfigurationManager.java:966) ~[oi.class:?]
	at net.minecraft.server.MinecraftServer.func_70000_a(MinecraftServer.java:992) ~[MinecraftServer.class:?]
	at net.minecraft.server.dedicated.DedicatedServer.func_70000_a(DedicatedServer.java:352) ~[lt.class:?]
	at net.minecraft.profiler.PlayerUsageSnooper.func_76471_b(SourceFile:97) ~[ri.class:?]
	at net.minecraft.server.MinecraftServer.func_71217_p(MinecraftServer.java:585) ~[MinecraftServer.class:?]
	at net.minecraft.server.MinecraftServer.run(MinecraftServer.java:427) [MinecraftServer.class:?]
	at net.minecraft.server.MinecraftServer$2.run(MinecraftServer.java:685) [li.class:?]
[01:06:53] [Server thread/ERROR]: This crash report has been saved to: /workspaces/minecraft-awcl/servidor_minecraft/./crash-reports/crash-2025-02-12_01.06.53-server.txt
[01:06:53] [Server thread/INFO]: Stopping server
[01:06:53] [Server thread/INFO]: Saving players
[01:06:53] [Server thread/INFO]: Saving worlds
[01:06:53] [Server thread/INFO]: Saving chunks for level 'world'/Overworld
[01:06:53] [Server thread/WARN]: Failed to check session lock, aborting
[01:06:53] [Server thread/INFO]: Saving chunks for level 'world'/Nether
[01:06:53] [Server thread/INFO]: Saving chunks for level 'world'/The End
